# JRE version: OpenJDK Runtime Environment (8.0_212-b04) (build 1.8.0_212-release-1586-b04)
# Java VM: OpenJDK 64-Bit Server VM (25.212-b04 mixed mode windows-amd64 compressed oops)
Heap:
 PSYoungGen      total 293888K, used 195387K [0x00000000e0000000, 0x00000000f9000000, 0x0000000100000000)
  eden space 235520K, 58% used [0x00000000e0000000,0x00000000e85d50d8,0x00000000ee600000)
  from space 58368K, 99% used [0x00000000f3000000,0x00000000f68f9ec0,0x00000000f6900000)
  to   space 75776K, 0% used [0x00000000ee600000,0x00000000ee600000,0x00000000f3000000)
 ParOldGen       total 340992K, used 130873K [0x00000000a0000000, 0x00000000b4d00000, 0x00000000e0000000)
  object space 340992K, 38% used [0x00000000a0000000,0x00000000a7fce458,0x00000000b4d00000)
 Metaspace       used 85974K, capacity 89854K, committed 91136K, reserved 1128448K
  class space    used 11432K, capacity 12193K, committed 12544K, reserved 1048576K
GC Heap History (10 events):
Event: 110.583 GC heap before
{Heap before GC invocations=18 (full 3):
 PSYoungGen      total 264192K, used 238345K [0x00000000e0000000, 0x00000000f2e80000, 0x0000000100000000)
  eden space 221696K, 100% used [0x00000000e0000000,0x00000000ed880000,0x00000000ed880000)
  from space 42496K, 39% used [0x00000000f0500000,0x00000000f15426a8,0x00000000f2e80000)
  to   space 44032K, 0% used [0x00000000ed880000,0x00000000ed880000,0x00000000f0380000)
 ParOldGen       total 181760K, used 121582K [0x00000000a0000000, 0x00000000ab180000, 0x00000000e0000000)
  object space 181760K, 66% used [0x00000000a0000000,0x00000000a76bba60,0x00000000ab180000)
 Metaspace       used 85576K, capacity 90020K, committed 90240K, reserved 1126400K
  class space    used 11550K, capacity 12404K, committed 12416K, reserved 1048576K
Event: 110.602 GC heap after
Heap after GC invocations=18 (full 3):
 PSYoungGen      total 265728K, used 21163K [0x00000000e0000000, 0x00000000f4280000, 0x0000000100000000)
  eden space 221696K, 0% used [0x00000000e0000000,0x00000000e0000000,0x00000000ed880000)
  from space 44032K, 48% used [0x00000000ed880000,0x00000000eed2afe0,0x00000000f0380000)
  to   space 42496K, 0% used [0x00000000f1900000,0x00000000f1900000,0x00000000f4280000)
 ParOldGen       total 181760K, used 121590K [0x00000000a0000000, 0x00000000ab180000, 0x00000000e0000000)
  object space 181760K, 66% used [0x00000000a0000000,0x00000000a76bda60,0x00000000ab180000)
 Metaspace       used 85576K, capacity 90020K, committed 90240K, reserved 1126400K
  class space    used 11550K, capacity 12404K, committed 12416K, reserved 1048576K
}
Event: 112.822 GC heap before
{Heap before GC invocations=19 (full 3):
 PSYoungGen      total 265728K, used 242859K [0x00000000e0000000, 0x00000000f4280000, 0x0000000100000000)
  eden space 221696K, 100% used [0x00000000e0000000,0x00000000ed880000,0x00000000ed880000)
  from space 44032K, 48% used [0x00000000ed880000,0x00000000eed2afe0,0x00000000f0380000)
  to   space 42496K, 0% used [0x00000000f1900000,0x00000000f1900000,0x00000000f4280000)
 ParOldGen       total 181760K, used 121590K [0x00000000a0000000, 0x00000000ab180000, 0x00000000e0000000)
  object space 181760K, 66% used [0x00000000a0000000,0x00000000a76bda60,0x00000000ab180000)
 Metaspace       used 85826K, capacity 90244K, committed 90624K, reserved 1128448K
  class space    used 11558K, capacity 12418K, committed 12544K, reserved 1048576K
Event: 112.925 GC heap after
Heap after GC invocations=19 (full 3):
 PSYoungGen      total 268800K, used 42475K [0x00000000e0000000, 0x00000000f7780000, 0x0000000100000000)
  eden space 226304K, 0% used [0x00000000e0000000,0x00000000e0000000,0x00000000edd00000)
  from space 42496K, 99% used [0x00000000f1900000,0x00000000f427afc0,0x00000000f4280000)
  to   space 61440K, 0% used [0x00000000edd00000,0x00000000edd00000,0x00000000f1900000)
 ParOldGen       total 181760K, used 155555K [0x00000000a0000000, 0x00000000ab180000, 0x00000000e0000000)
  object space 181760K, 85% used [0x00000000a0000000,0x00000000a97e8ee0,0x00000000ab180000)
 Metaspace       used 85826K, capacity 90244K, committed 90624K, reserved 1128448K
  class space    used 11558K, capacity 12418K, committed 12544K, reserved 1048576K
}
Event: 112.925 GC heap before
{Heap before GC invocations=20 (full 4):
 PSYoungGen      total 268800K, used 42475K [0x00000000e0000000, 0x00000000f7780000, 0x0000000100000000)
  eden space 226304K, 0% used [0x00000000e0000000,0x00000000e0000000,0x00000000edd00000)
  from space 42496K, 99% used [0x00000000f1900000,0x00000000f427afc0,0x00000000f4280000)
  to   space 61440K, 0% used [0x00000000edd00000,0x00000000edd00000,0x00000000f1900000)
 ParOldGen       total 181760K, used 155555K [0x00000000a0000000, 0x00000000ab180000, 0x00000000e0000000)
  object space 181760K, 85% used [0x00000000a0000000,0x00000000a97e8ee0,0x00000000ab180000)
 Metaspace       used 85826K, capacity 90244K, committed 90624K, reserved 1128448K
  class space    used 11558K, capacity 12418K, committed 12544K, reserved 1048576K
Event: 113.379 GC heap after
Heap after GC invocations=20 (full 4):
 PSYoungGen      total 268800K, used 0K [0x00000000e0000000, 0x00000000f7780000, 0x0000000100000000)
  eden space 226304K, 0% used [0x00000000e0000000,0x00000000e0000000,0x00000000edd00000)
  from space 42496K, 0% used [0x00000000f1900000,0x00000000f1900000,0x00000000f4280000)
  to   space 61440K, 0% used [0x00000000edd00000,0x00000000edd00000,0x00000000f1900000)
 ParOldGen       total 340992K, used 110011K [0x00000000a0000000, 0x00000000b4d00000, 0x00000000e0000000)
  object space 340992K, 32% used [0x00000000a0000000,0x00000000a6b6ed08,0x00000000b4d00000)
 Metaspace       used 85310K, capacity 88806K, committed 90624K, reserved 1128448K
  class space    used 11388K, capacity 12115K, committed 12544K, reserved 1048576K
}
Event: 146.598 GC heap before
{Heap before GC invocations=21 (full 4):
 PSYoungGen      total 268800K, used 226304K [0x00000000e0000000, 0x00000000f7780000, 0x0000000100000000)
  eden space 226304K, 100% used [0x00000000e0000000,0x00000000edd00000,0x00000000edd00000)
  from space 42496K, 0% used [0x00000000f1900000,0x00000000f1900000,0x00000000f4280000)
  to   space 61440K, 0% used [0x00000000edd00000,0x00000000edd00000,0x00000000f1900000)
 ParOldGen       total 340992K, used 110011K [0x00000000a0000000, 0x00000000b4d00000, 0x00000000e0000000)
  object space 340992K, 32% used [0x00000000a0000000,0x00000000a6b6ed08,0x00000000b4d00000)
 Metaspace       used 85652K, capacity 89424K, committed 90880K, reserved 1128448K
  class space    used 11417K, capacity 12166K, committed 12544K, reserved 1048576K
Event: 146.615 GC heap after
Heap after GC invocations=21 (full 4):
 PSYoungGen      total 287744K, used 19934K [0x00000000e0000000, 0x00000000f6900000, 0x0000000100000000)
  eden space 226304K, 0% used [0x00000000e0000000,0x00000000e0000000,0x00000000edd00000)
  from space 61440K, 32% used [0x00000000edd00000,0x00000000ef0778e8,0x00000000f1900000)
  to   space 58368K, 0% used [0x00000000f3000000,0x00000000f3000000,0x00000000f6900000)
 ParOldGen       total 340992K, used 110019K [0x00000000a0000000, 0x00000000b4d00000, 0x00000000e0000000)
  object space 340992K, 32% used [0x00000000a0000000,0x00000000a6b70d08,0x00000000b4d00000)
 Metaspace       used 85652K, capacity 89424K, committed 90880K, reserved 1128448K
  class space    used 11417K, capacity 12166K, committed 12544K, reserved 1048576K
}
Event: 148.727 GC heap before
{Heap before GC invocations=22 (full 4):
 PSYoungGen      total 287744K, used 245875K [0x00000000e0000000, 0x00000000f6900000, 0x0000000100000000)
  eden space 226304K, 99% used [0x00000000e0000000,0x00000000edca5418,0x00000000edd00000)
  from space 61440K, 32% used [0x00000000edd00000,0x00000000ef0778e8,0x00000000f1900000)
  to   space 58368K, 0% used [0x00000000f3000000,0x00000000f3000000,0x00000000f6900000)
 ParOldGen       total 340992K, used 110019K [0x00000000a0000000, 0x00000000b4d00000, 0x00000000e0000000)
  object space 340992K, 32% used [0x00000000a0000000,0x00000000a6b70d08,0x00000000b4d00000)
 Metaspace       used 85788K, capacity 89544K, committed 90880K, reserved 1128448K
  class space    used 11422K, capacity 12174K, committed 12544K, reserved 1048576K
Event: 148.790 GC heap after
Heap after GC invocations=22 (full 4):
 PSYoungGen      total 293888K, used 58343K [0x00000000e0000000, 0x00000000f9000000, 0x0000000100000000)
  eden space 235520K, 0% used [0x00000000e0000000,0x00000000e0000000,0x00000000ee600000)
  from space 58368K, 99% used [0x00000000f3000000,0x00000000f68f9ec0,0x00000000f6900000)
  to   space 75776K, 0% used [0x00000000ee600000,0x00000000ee600000,0x00000000f3000000)
 ParOldGen       total 340992K, used 130873K [0x00000000a0000000, 0x00000000b4d00000, 0x00000000e0000000)
  object space 340992K, 38% used [0x00000000a0000000,0x00000000a7fce458,0x00000000b4d00000)
 Metaspace       used 85788K, capacity 89544K, committed 90880K, reserved 1128448K
  class space    used 11422K, capacity 12174K, committed 12544K, reserved 1048576K
}

